# Logfile created on 2013-12-27 12:32:27 +0200 by logger.rb/41954
I, [2013-12-27T12:32:27.116800 #44113]  INFO -- : 0:  eventmachine (1.0.3) from /Users/mic/.rvm/gems/ruby-2.0.0-p353/specifications/eventmachine-1.0.3.gemspec
I, [2013-12-27T12:32:29.764245 #44113]  INFO -- : 0:  websocket-driver (0.3.0) from /Users/mic/.rvm/gems/ruby-2.0.0-p353/specifications/websocket-driver-0.3.0.gemspec
I, [2013-12-27T12:32:32.613631 #44113]  INFO -- : 0:  faye-websocket (0.7.0) from /Users/mic/.rvm/gems/ruby-2.0.0-p353/specifications/faye-websocket-0.7.0.gemspec
I, [2013-12-27T12:32:35.987919 #44113]  INFO -- : 0:  rack (1.5.2) from /Users/mic/.rvm/gems/ruby-2.0.0-p353/specifications/rack-1.5.2.gemspec
I, [2013-12-27T12:32:39.137286 #44113]  INFO -- : 0:  puma (2.6.0) from /Users/mic/.rvm/gems/ruby-2.0.0-p353/specifications/puma-2.6.0.gemspec
I, [2013-12-27T12:32:41.684462 #44113]  INFO -- : 0:  rack-protection (1.5.0) from /Users/mic/.rvm/gems/ruby-2.0.0-p353/specifications/rack-protection-1.5.0.gemspec
I, [2013-12-27T12:32:44.587256 #44113]  INFO -- : 0:  redis (3.0.4) from /Users/mic/.rvm/gems/ruby-2.0.0-p353/specifications/redis-3.0.4.gemspec
I, [2013-12-27T12:32:46.958097 #44113]  INFO -- : 0:  tilt (1.4.1) from /Users/mic/.rvm/gems/ruby-2.0.0-p353/specifications/tilt-1.4.1.gemspec
I, [2013-12-27T12:32:51.664875 #44113]  INFO -- : 0:  sinatra (1.4.3) from /Users/mic/.rvm/gems/ruby-2.0.0-p353/specifications/sinatra-1.4.3.gemspec
I, [2013-12-27T12:32:51.665308 #44113]  INFO -- : 0:  bundler (1.5.0) from /Users/mic/.rvm/gems/ruby-2.0.0-p353@global/specifications/bundler-1.5.0.gemspec
I, [2013-12-27T16:02:40.495626 #44687]  INFO -- : 0:  eventmachine (1.0.3) from /Users/mic/.rvm/gems/ruby-2.0.0-p353/specifications/eventmachine-1.0.3.gemspec
I, [2013-12-27T16:02:40.499906 #44687]  INFO -- : 0:  websocket-driver (0.3.0) from /Users/mic/.rvm/gems/ruby-2.0.0-p353/specifications/websocket-driver-0.3.0.gemspec
I, [2013-12-27T16:02:40.500293 #44687]  INFO -- : 0:  faye-websocket (0.7.0) from /Users/mic/.rvm/gems/ruby-2.0.0-p353/specifications/faye-websocket-0.7.0.gemspec
I, [2013-12-27T16:02:40.500635 #44687]  INFO -- : 0:  rack (1.5.2) from /Users/mic/.rvm/gems/ruby-2.0.0-p353/specifications/rack-1.5.2.gemspec
I, [2013-12-27T16:02:40.500922 #44687]  INFO -- : 0:  puma (2.6.0) from /Users/mic/.rvm/gems/ruby-2.0.0-p353/specifications/puma-2.6.0.gemspec
I, [2013-12-27T16:02:40.501244 #44687]  INFO -- : 0:  rack-protection (1.5.0) from /Users/mic/.rvm/gems/ruby-2.0.0-p353/specifications/rack-protection-1.5.0.gemspec
I, [2013-12-27T16:02:40.501520 #44687]  INFO -- : 0:  redis (3.0.4) from /Users/mic/.rvm/gems/ruby-2.0.0-p353/specifications/redis-3.0.4.gemspec
I, [2013-12-27T16:02:40.501789 #44687]  INFO -- : 0:  tilt (1.4.1) from /Users/mic/.rvm/gems/ruby-2.0.0-p353/specifications/tilt-1.4.1.gemspec
I, [2013-12-27T16:02:40.502052 #44687]  INFO -- : 0:  sinatra (1.4.3) from /Users/mic/.rvm/gems/ruby-2.0.0-p353/specifications/sinatra-1.4.3.gemspec
I, [2013-12-27T16:02:40.502308 #44687]  INFO -- : 0:  bundler (1.5.0) from /Users/mic/.rvm/gems/ruby-2.0.0-p353@global/specifications/bundler-1.5.0.gemspec
I, [2013-12-29T13:30:59.852171 #47456]  INFO -- : 0:  dotenv (0.9.0) from /Users/mic/.rvm/gems/ruby-2.0.0-p353/specifications/dotenv-0.9.0.gemspec
I, [2013-12-29T13:30:59.856527 #47456]  INFO -- : 0:  eventmachine (1.0.3) from /Users/mic/.rvm/gems/ruby-2.0.0-p353/specifications/eventmachine-1.0.3.gemspec
I, [2013-12-29T13:30:59.857030 #47456]  INFO -- : 0:  websocket-driver (0.3.0) from /Users/mic/.rvm/gems/ruby-2.0.0-p353/specifications/websocket-driver-0.3.0.gemspec
I, [2013-12-29T13:30:59.857489 #47456]  INFO -- : 0:  faye-websocket (0.7.0) from /Users/mic/.rvm/gems/ruby-2.0.0-p353/specifications/faye-websocket-0.7.0.gemspec
I, [2013-12-29T13:30:59.857948 #47456]  INFO -- : 0:  thor (0.18.1) from /Users/mic/.rvm/gems/ruby-2.0.0-p353/specifications/thor-0.18.1.gemspec
I, [2013-12-29T13:30:59.858384 #47456]  INFO -- : 0:  foreman (0.63.0) from /Users/mic/.rvm/gems/ruby-2.0.0-p353/specifications/foreman-0.63.0.gemspec
I, [2013-12-29T13:31:03.336427 #47456]  INFO -- : 0:  hashie (2.0.5) from /Users/mic/.rvm/gems/ruby-2.0.0-p353/specifications/hashie-2.0.5.gemspec
I, [2013-12-29T13:31:03.336974 #47456]  INFO -- : 0:  rack (1.5.2) from /Users/mic/.rvm/gems/ruby-2.0.0-p353/specifications/rack-1.5.2.gemspec
I, [2013-12-29T13:31:06.628720 #47456]  INFO -- : 0:  omniauth (1.1.4) from /Users/mic/.rvm/gems/ruby-2.0.0-p353/specifications/omniauth-1.1.4.gemspec
I, [2013-12-29T13:31:10.530392 #47456]  INFO -- : 0:  ruby-openid (2.3.0) from /Users/mic/.rvm/gems/ruby-2.0.0-p353/specifications/ruby-openid-2.3.0.gemspec
I, [2013-12-29T13:31:12.306216 #47456]  INFO -- : 0:  rack-openid (1.3.1) from /Users/mic/.rvm/gems/ruby-2.0.0-p353/specifications/rack-openid-1.3.1.gemspec
I, [2013-12-29T13:31:12.325577 #47456]  INFO -- : 0:  omniauth-openid (1.0.1) from /Users/mic/.rvm/gems/ruby-2.0.0-p353/bundler/gems/omniauth-openid-e9965493e2d8/omniauth-openid.gemspec
I, [2013-12-29T13:31:12.326024 #47456]  INFO -- : 0:  puma (2.6.0) from /Users/mic/.rvm/gems/ruby-2.0.0-p353/specifications/puma-2.6.0.gemspec
I, [2013-12-29T13:31:12.326350 #47456]  INFO -- : 0:  rack-protection (1.5.0) from /Users/mic/.rvm/gems/ruby-2.0.0-p353/specifications/rack-protection-1.5.0.gemspec
I, [2013-12-29T13:31:12.326641 #47456]  INFO -- : 0:  redis (3.0.4) from /Users/mic/.rvm/gems/ruby-2.0.0-p353/specifications/redis-3.0.4.gemspec
I, [2013-12-29T13:31:12.326933 #47456]  INFO -- : 0:  tilt (1.4.1) from /Users/mic/.rvm/gems/ruby-2.0.0-p353/specifications/tilt-1.4.1.gemspec
I, [2013-12-29T13:31:12.327223 #47456]  INFO -- : 0:  sinatra (1.4.3) from /Users/mic/.rvm/gems/ruby-2.0.0-p353/specifications/sinatra-1.4.3.gemspec
I, [2013-12-29T13:31:12.327502 #47456]  INFO -- : 0:  bundler (1.5.0) from /Users/mic/.rvm/gems/ruby-2.0.0-p353@global/specifications/bundler-1.5.0.gemspec
I, [2013-12-29T14:09:51.586067 #47730]  INFO -- : 0:  dotenv (0.9.0) from /Users/mic/.rvm/gems/ruby-2.0.0-p353/specifications/dotenv-0.9.0.gemspec
I, [2013-12-29T14:09:51.589379 #47730]  INFO -- : 0:  eventmachine (1.0.3) from /Users/mic/.rvm/gems/ruby-2.0.0-p353/specifications/eventmachine-1.0.3.gemspec
I, [2013-12-29T14:09:51.589761 #47730]  INFO -- : 0:  websocket-driver (0.3.0) from /Users/mic/.rvm/gems/ruby-2.0.0-p353/specifications/websocket-driver-0.3.0.gemspec
I, [2013-12-29T14:09:51.590123 #47730]  INFO -- : 0:  faye-websocket (0.7.0) from /Users/mic/.rvm/gems/ruby-2.0.0-p353/specifications/faye-websocket-0.7.0.gemspec
I, [2013-12-29T14:09:51.590472 #47730]  INFO -- : 0:  thor (0.18.1) from /Users/mic/.rvm/gems/ruby-2.0.0-p353/specifications/thor-0.18.1.gemspec
I, [2013-12-29T14:09:51.590854 #47730]  INFO -- : 0:  foreman (0.63.0) from /Users/mic/.rvm/gems/ruby-2.0.0-p353/specifications/foreman-0.63.0.gemspec
I, [2013-12-29T14:09:51.591209 #47730]  INFO -- : 0:  hashie (2.0.5) from /Users/mic/.rvm/gems/ruby-2.0.0-p353/specifications/hashie-2.0.5.gemspec
I, [2013-12-29T14:09:51.591564 #47730]  INFO -- : 0:  rack (1.5.2) from /Users/mic/.rvm/gems/ruby-2.0.0-p353/specifications/rack-1.5.2.gemspec
I, [2013-12-29T14:09:51.592070 #47730]  INFO -- : 0:  omniauth (1.1.4) from /Users/mic/.rvm/gems/ruby-2.0.0-p353/specifications/omniauth-1.1.4.gemspec
I, [2013-12-29T14:09:51.592474 #47730]  INFO -- : 0:  ruby-openid (2.3.0) from /Users/mic/.rvm/gems/ruby-2.0.0-p353/specifications/ruby-openid-2.3.0.gemspec
I, [2013-12-29T14:09:51.592886 #47730]  INFO -- : 0:  rack-openid (1.3.1) from /Users/mic/.rvm/gems/ruby-2.0.0-p353/specifications/rack-openid-1.3.1.gemspec
I, [2013-12-29T14:09:51.617499 #47730]  INFO -- : 0:  omniauth-openid (1.0.1) from /Users/mic/.rvm/gems/ruby-2.0.0-p353/bundler/gems/omniauth-openid-e9965493e2d8/omniauth-openid.gemspec
I, [2013-12-29T14:09:51.617929 #47730]  INFO -- : 0:  puma (2.6.0) from /Users/mic/.rvm/gems/ruby-2.0.0-p353/specifications/puma-2.6.0.gemspec
I, [2013-12-29T14:09:51.618202 #47730]  INFO -- : 0:  rack-protection (1.5.0) from /Users/mic/.rvm/gems/ruby-2.0.0-p353/specifications/rack-protection-1.5.0.gemspec
I, [2013-12-29T14:09:51.618449 #47730]  INFO -- : 0:  redis (3.0.4) from /Users/mic/.rvm/gems/ruby-2.0.0-p353/specifications/redis-3.0.4.gemspec
I, [2013-12-29T14:09:54.987938 #47730]  INFO -- : 0:  ruby-openid-apps-discovery (1.2.0) from /Users/mic/.rvm/gems/ruby-2.0.0-p353/specifications/ruby-openid-apps-discovery-1.2.0.gemspec
I, [2013-12-29T14:09:54.988350 #47730]  INFO -- : 0:  tilt (1.4.1) from /Users/mic/.rvm/gems/ruby-2.0.0-p353/specifications/tilt-1.4.1.gemspec
I, [2013-12-29T14:09:54.988614 #47730]  INFO -- : 0:  sinatra (1.4.3) from /Users/mic/.rvm/gems/ruby-2.0.0-p353/specifications/sinatra-1.4.3.gemspec
I, [2013-12-29T14:09:54.988860 #47730]  INFO -- : 0:  bundler (1.5.0) from /Users/mic/.rvm/gems/ruby-2.0.0-p353@global/specifications/bundler-1.5.0.gemspec
